INFO:pika.adapters.utils.connection_workflow:Pika version 1.3.1 connecting to ('::1', 5672, 0, 0)
INFO:pika.adapters.utils.io_services_utils:Socket connected: <socket.socket fd=2652, family=AddressFamily.AF_INET6, type=SocketKind.SOCK_STREAM, proto=6, laddr=('::1', 61786, 0, 0), raddr=('::1', 5672, 0, 0)>
INFO:pika.adapters.utils.connection_workflow:Streaming transport linked up: (<pika.adapters.utils.io_services_utils._AsyncPlaintextTransport object at 0x0000011B97C85FA0>, _StreamingProtocolShim: <SelectConnection PROTOCOL transport=<pika.adapters.utils.io_services_utils._AsyncPlaintextTransport object at 0x0000011B97C85FA0> params=<ConnectionParameters host=localhost port=5672 virtual_host=/ ssl=False>>).
INFO:pika.adapters.utils.connection_workflow:AMQPConnector - reporting success: <SelectConnection OPEN transport=<pika.adapters.utils.io_services_utils._AsyncPlaintextTransport object at 0x0000011B97C85FA0> params=<ConnectionParameters host=localhost port=5672 virtual_host=/ ssl=False>>
INFO:pika.adapters.utils.connection_workflow:AMQPConnectionWorkflow - reporting success: <SelectConnection OPEN transport=<pika.adapters.utils.io_services_utils._AsyncPlaintextTransport object at 0x0000011B97C85FA0> params=<ConnectionParameters host=localhost port=5672 virtual_host=/ ssl=False>>
INFO:pika.adapters.blocking_connection:Connection workflow succeeded: <SelectConnection OPEN transport=<pika.adapters.utils.io_services_utils._AsyncPlaintextTransport object at 0x0000011B97C85FA0> params=<ConnectionParameters host=localhost port=5672 virtual_host=/ ssl=False>>
INFO:pika.adapters.blocking_connection:Created channel=1
INFO:pika.adapters.utils.connection_workflow:Pika version 1.3.1 connecting to ('::1', 5672, 0, 0)
INFO:pika.adapters.utils.io_services_utils:Socket connected: <socket.socket fd=2580, family=AddressFamily.AF_INET6, type=SocketKind.SOCK_STREAM, proto=6, laddr=('::1', 61790, 0, 0), raddr=('::1', 5672, 0, 0)>
INFO:pika.adapters.utils.connection_workflow:Streaming transport linked up: (<pika.adapters.utils.io_services_utils._AsyncPlaintextTransport object at 0x0000011BDAA6EB50>, _StreamingProtocolShim: <SelectConnection PROTOCOL transport=<pika.adapters.utils.io_services_utils._AsyncPlaintextTransport object at 0x0000011BDAA6EB50> params=<ConnectionParameters host=localhost port=5672 virtual_host=/ ssl=False>>).
INFO:pika.adapters.utils.connection_workflow:AMQPConnector - reporting success: <SelectConnection OPEN transport=<pika.adapters.utils.io_services_utils._AsyncPlaintextTransport object at 0x0000011BDAA6EB50> params=<ConnectionParameters host=localhost port=5672 virtual_host=/ ssl=False>>
INFO:pika.adapters.utils.connection_workflow:AMQPConnectionWorkflow - reporting success: <SelectConnection OPEN transport=<pika.adapters.utils.io_services_utils._AsyncPlaintextTransport object at 0x0000011BDAA6EB50> params=<ConnectionParameters host=localhost port=5672 virtual_host=/ ssl=False>>
INFO:pika.adapters.blocking_connection:Connection workflow succeeded: <SelectConnection OPEN transport=<pika.adapters.utils.io_services_utils._AsyncPlaintextTransport object at 0x0000011BDAA6EB50> params=<ConnectionParameters host=localhost port=5672 virtual_host=/ ssl=False>>
INFO:pika.adapters.blocking_connection:Created channel=1
INFO:pika.adapters.utils.connection_workflow:Pika version 1.3.1 connecting to ('::1', 5672, 0, 0)
INFO:pika.adapters.utils.io_services_utils:Socket connected: <socket.socket fd=3484, family=AddressFamily.AF_INET6, type=SocketKind.SOCK_STREAM, proto=6, laddr=('::1', 61800, 0, 0), raddr=('::1', 5672, 0, 0)>
INFO:pika.adapters.utils.connection_workflow:Streaming transport linked up: (<pika.adapters.utils.io_services_utils._AsyncPlaintextTransport object at 0x0000011B97CEB910>, _StreamingProtocolShim: <SelectConnection PROTOCOL transport=<pika.adapters.utils.io_services_utils._AsyncPlaintextTransport object at 0x0000011B97CEB910> params=<ConnectionParameters host=localhost port=5672 virtual_host=/ ssl=False>>).
INFO:pika.adapters.utils.connection_workflow:AMQPConnector - reporting success: <SelectConnection OPEN transport=<pika.adapters.utils.io_services_utils._AsyncPlaintextTransport object at 0x0000011B97CEB910> params=<ConnectionParameters host=localhost port=5672 virtual_host=/ ssl=False>>
INFO:pika.adapters.utils.connection_workflow:AMQPConnectionWorkflow - reporting success: <SelectConnection OPEN transport=<pika.adapters.utils.io_services_utils._AsyncPlaintextTransport object at 0x0000011B97CEB910> params=<ConnectionParameters host=localhost port=5672 virtual_host=/ ssl=False>>
INFO:pika.adapters.blocking_connection:Connection workflow succeeded: <SelectConnection OPEN transport=<pika.adapters.utils.io_services_utils._AsyncPlaintextTransport object at 0x0000011B97CEB910> params=<ConnectionParameters host=localhost port=5672 virtual_host=/ ssl=False>>
INFO:pika.adapters.blocking_connection:Created channel=1
INFO:dml:client.new_peer
